# JRE version: OpenJDK Runtime Environment (8.0_91-b14) (build 1.8.0_91-8u91-b14-3ubuntu1~16.04.1-b14)
# Java VM: OpenJDK 64-Bit Server VM (25.91-b14 mixed mode linux-amd64 compressed oops)
Heap:
 PSYoungGen      total 235520K, used 217905K [0x00000000f0000000, 0x0000000100000000, 0x0000000100000000)
  eden space 208896K, 100% used [0x00000000f0000000,0x00000000fcc00000,0x00000000fcc00000)
  from space 26624K, 33% used [0x00000000fcc00000,0x00000000fd4cc6f8,0x00000000fe600000)
  to   space 26112K, 8% used [0x00000000fe680000,0x00000000fe89a020,0x0000000100000000)
 ParOldGen       total 524288K, used 50103K [0x00000000d0000000, 0x00000000f0000000, 0x00000000f0000000)
  object space 524288K, 9% used [0x00000000d0000000,0x00000000d30edd80,0x00000000f0000000)
 Metaspace       used 44399K, capacity 45214K, committed 45312K, reserved 1089536K
  class space    used 5356K, capacity 5590K, committed 5632K, reserved 1048576K
GC Heap History (10 events):
Event: 7.168 GC heap after
Heap after GC invocations=9 (full 1):
 PSYoungGen      total 232448K, used 23720K [0x00000000f0000000, 0x0000000100000000, 0x0000000100000000)
  eden space 207872K, 0% used [0x00000000f0000000,0x00000000f0000000,0x00000000fcb00000)
  from space 24576K, 96% used [0x00000000fe800000,0x00000000fff2a010,0x0000000100000000)
  to   space 27136K, 0% used [0x00000000fcb00000,0x00000000fcb00000,0x00000000fe580000)
 ParOldGen       total 524288K, used 17451K [0x00000000d0000000, 0x00000000f0000000, 0x00000000f0000000)
  object space 524288K, 3% used [0x00000000d0000000,0x00000000d110ad98,0x00000000f0000000)
 Metaspace       used 30246K, capacity 30834K, committed 30976K, reserved 1077248K
  class space    used 3419K, capacity 3549K, committed 3584K, reserved 1048576K
}
Event: 8.052 GC heap before
{Heap before GC invocations=10 (full 1):
 PSYoungGen      total 232448K, used 231592K [0x00000000f0000000, 0x0000000100000000, 0x0000000100000000)
  eden space 207872K, 100% used [0x00000000f0000000,0x00000000fcb00000,0x00000000fcb00000)
  from space 24576K, 96% used [0x00000000fe800000,0x00000000fff2a010,0x0000000100000000)
  to   space 27136K, 0% used [0x00000000fcb00000,0x00000000fcb00000,0x00000000fe580000)
 ParOldGen       total 524288K, used 17451K [0x00000000d0000000, 0x00000000f0000000, 0x00000000f0000000)
  object space 524288K, 3% used [0x00000000d0000000,0x00000000d110ad98,0x00000000f0000000)
 Metaspace       used 32306K, capacity 32954K, committed 33152K, reserved 1079296K
  class space    used 3792K, capacity 3940K, committed 3968K, reserved 1048576K
Event: 8.100 GC heap after
Heap after GC invocations=10 (full 1):
 PSYoungGen      total 235008K, used 16525K [0x00000000f0000000, 0x0000000100000000, 0x0000000100000000)
  eden space 207872K, 0% used [0x00000000f0000000,0x00000000f0000000,0x00000000fcb00000)
  from space 27136K, 60% used [0x00000000fcb00000,0x00000000fdb237f0,0x00000000fe580000)
  to   space 26624K, 0% used [0x00000000fe600000,0x00000000fe600000,0x0000000100000000)
 ParOldGen       total 524288K, used 30254K [0x00000000d0000000, 0x00000000f0000000, 0x00000000f0000000)
  object space 524288K, 5% used [0x00000000d0000000,0x00000000d1d8bbb0,0x00000000f0000000)
 Metaspace       used 32306K, capacity 32954K, committed 33152K, reserved 1079296K
  class space    used 3792K, capacity 3940K, committed 3968K, reserved 1048576K
}
Event: 8.914 GC heap before
{Heap before GC invocations=11 (full 1):
 PSYoungGen      total 235008K, used 121421K [0x00000000f0000000, 0x0000000100000000, 0x0000000100000000)
  eden space 207872K, 50% used [0x00000000f0000000,0x00000000f666ff78,0x00000000fcb00000)
  from space 27136K, 60% used [0x00000000fcb00000,0x00000000fdb237f0,0x00000000fe580000)
  to   space 26624K, 0% used [0x00000000fe600000,0x00000000fe600000,0x0000000100000000)
 ParOldGen       total 524288K, used 30254K [0x00000000d0000000, 0x00000000f0000000, 0x00000000f0000000)
  object space 524288K, 5% used [0x00000000d0000000,0x00000000d1d8bbb0,0x00000000f0000000)
 Metaspace       used 34666K, capacity 35382K, committed 35416K, reserved 1081344K
  class space    used 4132K, capacity 4344K, committed 4352K, reserved 1048576K
Event: 8.946 GC heap after
Heap after GC invocations=11 (full 1):
 PSYoungGen      total 235520K, used 9305K [0x00000000f0000000, 0x0000000100000000, 0x0000000100000000)
  eden space 208896K, 0% used [0x00000000f0000000,0x00000000f0000000,0x00000000fcc00000)
  from space 26624K, 34% used [0x00000000fe600000,0x00000000fef16510,0x0000000100000000)
  to   space 26624K, 0% used [0x00000000fcc00000,0x00000000fcc00000,0x00000000fe600000)
 ParOldGen       total 524288K, used 40804K [0x00000000d0000000, 0x00000000f0000000, 0x00000000f0000000)
  object space 524288K, 7% used [0x00000000d0000000,0x00000000d27d90c8,0x00000000f0000000)
 Metaspace       used 34666K, capacity 35382K, committed 35416K, reserved 1081344K
  class space    used 4132K, capacity 4344K, committed 4352K, reserved 1048576K
}
Event: 8.946 GC heap before
{Heap before GC invocations=12 (full 2):
 PSYoungGen      total 235520K, used 9305K [0x00000000f0000000, 0x0000000100000000, 0x0000000100000000)
  eden space 208896K, 0% used [0x00000000f0000000,0x00000000f0000000,0x00000000fcc00000)
  from space 26624K, 34% used [0x00000000fe600000,0x00000000fef16510,0x0000000100000000)
  to   space 26624K, 0% used [0x00000000fcc00000,0x00000000fcc00000,0x00000000fe600000)
 ParOldGen       total 524288K, used 40804K [0x00000000d0000000, 0x00000000f0000000, 0x00000000f0000000)
  object space 524288K, 7% used [0x00000000d0000000,0x00000000d27d90c8,0x00000000f0000000)
 Metaspace       used 34666K, capacity 35382K, committed 35416K, reserved 1081344K
  class space    used 4132K, capacity 4344K, committed 4352K, reserved 1048576K
Event: 9.216 GC heap after
Heap after GC invocations=12 (full 2):
 PSYoungGen      total 235520K, used 0K [0x00000000f0000000, 0x0000000100000000, 0x0000000100000000)
  eden space 208896K, 0% used [0x00000000f0000000,0x00000000f0000000,0x00000000fcc00000)
  from space 26624K, 0% used [0x00000000fe600000,0x00000000fe600000,0x0000000100000000)
  to   space 26624K, 0% used [0x00000000fcc00000,0x00000000fcc00000,0x00000000fe600000)
 ParOldGen       total 524288K, used 46375K [0x00000000d0000000, 0x00000000f0000000, 0x00000000f0000000)
  object space 524288K, 8% used [0x00000000d0000000,0x00000000d2d49d30,0x00000000f0000000)
 Metaspace       used 34666K, capacity 35382K, committed 35416K, reserved 1081344K
  class space    used 4132K, capacity 4344K, committed 4352K, reserved 1048576K
}
Event: 10.783 GC heap before
{Heap before GC invocations=13 (full 2):
 PSYoungGen      total 235520K, used 208896K [0x00000000f0000000, 0x0000000100000000, 0x0000000100000000)
  eden space 208896K, 100% used [0x00000000f0000000,0x00000000fcc00000,0x00000000fcc00000)
  from space 26624K, 0% used [0x00000000fe600000,0x00000000fe600000,0x0000000100000000)
  to   space 26624K, 0% used [0x00000000fcc00000,0x00000000fcc00000,0x00000000fe600000)
 ParOldGen       total 524288K, used 46375K [0x00000000d0000000, 0x00000000f0000000, 0x00000000f0000000)
  object space 524288K, 8% used [0x00000000d0000000,0x00000000d2d49d30,0x00000000f0000000)
 Metaspace       used 40077K, capacity 40884K, committed 41216K, reserved 1085440K
  class space    used 4826K, capacity 5041K, committed 5120K, reserved 1048576K
Event: 10.799 GC heap after
Heap after GC invocations=13 (full 2):
 PSYoungGen      total 235520K, used 9009K [0x00000000f0000000, 0x0000000100000000, 0x0000000100000000)
  eden space 208896K, 0% used [0x00000000f0000000,0x00000000f0000000,0x00000000fcc00000)
  from space 26624K, 33% used [0x00000000fcc00000,0x00000000fd4cc6f8,0x00000000fe600000)
  to   space 26112K, 0% used [0x00000000fe680000,0x00000000fe680000,0x0000000100000000)
 ParOldGen       total 524288K, used 46383K [0x00000000d0000000, 0x00000000f0000000, 0x00000000f0000000)
  object space 524288K, 8% used [0x00000000d0000000,0x00000000d2d4bd30,0x00000000f0000000)
 Metaspace       used 40077K, capacity 40884K, committed 41216K, reserved 1085440K
  class space    used 4826K, capacity 5041K, committed 5120K, reserved 1048576K
}
Event: 11.838 GC heap before
{Heap before GC invocations=14 (full 2):
 PSYoungGen      total 235520K, used 217905K [0x00000000f0000000, 0x0000000100000000, 0x0000000100000000)
  eden space 208896K, 100% used [0x00000000f0000000,0x00000000fcc00000,0x00000000fcc00000)
  from space 26624K, 33% used [0x00000000fcc00000,0x00000000fd4cc6f8,0x00000000fe600000)
  to   space 26112K, 0% used [0x00000000fe680000,0x00000000fe680000,0x0000000100000000)
 ParOldGen       total 524288K, used 46383K [0x00000000d0000000, 0x00000000f0000000, 0x00000000f0000000)
  object space 524288K, 8% used [0x00000000d0000000,0x00000000d2d4bd30,0x00000000f0000000)
 Metaspace       used 44399K, capacity 45214K, committed 45312K, reserved 1089536K
  class space    used 5356K, capacity 5590K, committed 5632K, reserved 1048576K

