# JRE version: OpenJDK Runtime Environment (8.0_91-b14) (build 1.8.0_91-8u91-b14-3ubuntu1~16.04.1-b14)
# Java VM: OpenJDK 64-Bit Server VM (25.91-b14 mixed mode linux-amd64 compressed oops)
Heap:
 PSYoungGen      total 128000K, used 24927K [0x00000000eab00000, 0x00000000f2d00000, 0x0000000100000000)
  eden space 122880K, 20% used [0x00000000eab00000,0x00000000ec357d90,0x00000000f2300000)
  from space 5120K, 0% used [0x00000000f2800000,0x00000000f2800000,0x00000000f2d00000)
  to   space 5120K, 0% used [0x00000000f2300000,0x00000000f2300000,0x00000000f2800000)
 ParOldGen       total 59904K, used 7023K [0x00000000c0000000, 0x00000000c3a80000, 0x00000000eab00000)
  object space 59904K, 11% used [0x00000000c0000000,0x00000000c06dbf48,0x00000000c3a80000)
 Metaspace       used 21802K, capacity 22212K, committed 22272K, reserved 1069056K
  class space    used 2911K, capacity 3053K, committed 3072K, reserved 1048576K
GC Heap History (10 events):
Event: 0.270 GC heap before
{Heap before GC invocations=1 (full 0):
 PSYoungGen      total 35840K, used 30720K [0x00000000eab00000, 0x00000000ed300000, 0x0000000100000000)
  eden space 30720K, 100% used [0x00000000eab00000,0x00000000ec900000,0x00000000ec900000)
  from space 5120K, 0% used [0x00000000ece00000,0x00000000ece00000,0x00000000ed300000)
  to   space 5120K, 0% used [0x00000000ec900000,0x00000000ec900000,0x00000000ece00000)
 ParOldGen       total 81920K, used 0K [0x00000000c0000000, 0x00000000c5000000, 0x00000000eab00000)
  object space 81920K, 0% used [0x00000000c0000000,0x00000000c0000000,0x00000000c5000000)
 Metaspace       used 5560K, capacity 6192K, committed 6400K, reserved 1056768K
  class space    used 710K, capacity 768K, committed 768K, reserved 1048576K
Event: 0.275 GC heap after
Heap after GC invocations=1 (full 0):
 PSYoungGen      total 35840K, used 3683K [0x00000000eab00000, 0x00000000ef100000, 0x0000000100000000)
  eden space 30720K, 0% used [0x00000000eab00000,0x00000000eab00000,0x00000000ec900000)
  from space 5120K, 71% used [0x00000000ec900000,0x00000000ecc98fc0,0x00000000ece00000)
  to   space 5120K, 0% used [0x00000000eec00000,0x00000000eec00000,0x00000000ef100000)
 ParOldGen       total 81920K, used 8K [0x00000000c0000000, 0x00000000c5000000, 0x00000000eab00000)
  object space 81920K, 0% used [0x00000000c0000000,0x00000000c0002000,0x00000000c5000000)
 Metaspace       used 5560K, capacity 6192K, committed 6400K, reserved 1056768K
  class space    used 710K, capacity 768K, committed 768K, reserved 1048576K
}
Event: 0.588 GC heap before
{Heap before GC invocations=2 (full 0):
 PSYoungGen      total 35840K, used 34403K [0x00000000eab00000, 0x00000000ef100000, 0x0000000100000000)
  eden space 30720K, 100% used [0x00000000eab00000,0x00000000ec900000,0x00000000ec900000)
  from space 5120K, 71% used [0x00000000ec900000,0x00000000ecc98fc0,0x00000000ece00000)
  to   space 5120K, 0% used [0x00000000eec00000,0x00000000eec00000,0x00000000ef100000)
 ParOldGen       total 81920K, used 8K [0x00000000c0000000, 0x00000000c5000000, 0x00000000eab00000)
  object space 81920K, 0% used [0x00000000c0000000,0x00000000c0002000,0x00000000c5000000)
 Metaspace       used 11414K, capacity 11758K, committed 11904K, reserved 1058816K
  class space    used 1526K, capacity 1645K, committed 1664K, reserved 1048576K
Event: 0.596 GC heap after
Heap after GC invocations=2 (full 0):
 PSYoungGen      total 66560K, used 5117K [0x00000000eab00000, 0x00000000ef100000, 0x0000000100000000)
  eden space 61440K, 0% used [0x00000000eab00000,0x00000000eab00000,0x00000000ee700000)
  from space 5120K, 99% used [0x00000000eec00000,0x00000000ef0ff430,0x00000000ef100000)
  to   space 5120K, 0% used [0x00000000ee700000,0x00000000ee700000,0x00000000eec00000)
 ParOldGen       total 81920K, used 353K [0x00000000c0000000, 0x00000000c5000000, 0x00000000eab00000)
  object space 81920K, 0% used [0x00000000c0000000,0x00000000c0058418,0x00000000c5000000)
 Metaspace       used 11414K, capacity 11758K, committed 11904K, reserved 1058816K
  class space    used 1526K, capacity 1645K, committed 1664K, reserved 1048576K
}
Event: 1.141 GC heap before
{Heap before GC invocations=3 (full 0):
 PSYoungGen      total 66560K, used 65757K [0x00000000eab00000, 0x00000000ef100000, 0x0000000100000000)
  eden space 61440K, 98% used [0x00000000eab00000,0x00000000ee638120,0x00000000ee700000)
  from space 5120K, 99% used [0x00000000eec00000,0x00000000ef0ff430,0x00000000ef100000)
  to   space 5120K, 0% used [0x00000000ee700000,0x00000000ee700000,0x00000000eec00000)
 ParOldGen       total 81920K, used 353K [0x00000000c0000000, 0x00000000c5000000, 0x00000000eab00000)
  object space 81920K, 0% used [0x00000000c0000000,0x00000000c0058418,0x00000000c5000000)
 Metaspace       used 19775K, capacity 20096K, committed 20352K, reserved 1067008K
  class space    used 2730K, capacity 2865K, committed 2944K, reserved 1048576K
Event: 1.170 GC heap after
Heap after GC invocations=3 (full 0):
 PSYoungGen      total 66560K, used 5119K [0x00000000eab00000, 0x00000000f2d00000, 0x0000000100000000)
  eden space 61440K, 0% used [0x00000000eab00000,0x00000000eab00000,0x00000000ee700000)
  from space 5120K, 99% used [0x00000000ee700000,0x00000000eebffc20,0x00000000eec00000)
  to   space 5120K, 0% used [0x00000000f2800000,0x00000000f2800000,0x00000000f2d00000)
 ParOldGen       total 81920K, used 7796K [0x00000000c0000000, 0x00000000c5000000, 0x00000000eab00000)
  object space 81920K, 9% used [0x00000000c0000000,0x00000000c079d0f8,0x00000000c5000000)
 Metaspace       used 19775K, capacity 20096K, committed 20352K, reserved 1067008K
  class space    used 2730K, capacity 2865K, committed 2944K, reserved 1048576K
}
Event: 1.261 GC heap before
{Heap before GC invocations=4 (full 0):
 PSYoungGen      total 66560K, used 10664K [0x00000000eab00000, 0x00000000f2d00000, 0x0000000100000000)
  eden space 61440K, 9% used [0x00000000eab00000,0x00000000eb06a458,0x00000000ee700000)
  from space 5120K, 99% used [0x00000000ee700000,0x00000000eebffc20,0x00000000eec00000)
  to   space 5120K, 0% used [0x00000000f2800000,0x00000000f2800000,0x00000000f2d00000)
 ParOldGen       total 81920K, used 7796K [0x00000000c0000000, 0x00000000c5000000, 0x00000000eab00000)
  object space 81920K, 9% used [0x00000000c0000000,0x00000000c079d0f8,0x00000000c5000000)
 Metaspace       used 20883K, capacity 21164K, committed 21296K, reserved 1067008K
  class space    used 2790K, capacity 2901K, committed 2944K, reserved 1048576K
Event: 1.272 GC heap after
Heap after GC invocations=4 (full 0):
 PSYoungGen      total 128000K, used 5091K [0x00000000eab00000, 0x00000000f2d00000, 0x0000000100000000)
  eden space 122880K, 0% used [0x00000000eab00000,0x00000000eab00000,0x00000000f2300000)
  from space 5120K, 99% used [0x00000000f2800000,0x00000000f2cf8e90,0x00000000f2d00000)
  to   space 5120K, 0% used [0x00000000f2300000,0x00000000f2300000,0x00000000f2800000)
 ParOldGen       total 81920K, used 7804K [0x00000000c0000000, 0x00000000c5000000, 0x00000000eab00000)
  object space 81920K, 9% used [0x00000000c0000000,0x00000000c079f0f8,0x00000000c5000000)
 Metaspace       used 20883K, capacity 21164K, committed 21296K, reserved 1067008K
  class space    used 2790K, capacity 2901K, committed 2944K, reserved 1048576K
}
Event: 1.272 GC heap before
{Heap before GC invocations=5 (full 1):
 PSYoungGen      total 128000K, used 5091K [0x00000000eab00000, 0x00000000f2d00000, 0x0000000100000000)
  eden space 122880K, 0% used [0x00000000eab00000,0x00000000eab00000,0x00000000f2300000)
  from space 5120K, 99% used [0x00000000f2800000,0x00000000f2cf8e90,0x00000000f2d00000)
  to   space 5120K, 0% used [0x00000000f2300000,0x00000000f2300000,0x00000000f2800000)
 ParOldGen       total 81920K, used 7804K [0x00000000c0000000, 0x00000000c5000000, 0x00000000eab00000)
  object space 81920K, 9% used [0x00000000c0000000,0x00000000c079f0f8,0x00000000c5000000)
 Metaspace       used 20883K, capacity 21164K, committed 21296K, reserved 1067008K
  class space    used 2790K, capacity 2901K, committed 2944K, reserved 1048576K
Event: 1.332 GC heap after
Heap after GC invocations=5 (full 1):
 PSYoungGen      total 128000K, used 0K [0x00000000eab00000, 0x00000000f2d00000, 0x0000000100000000)
  eden space 122880K, 0% used [0x00000000eab00000,0x00000000eab00000,0x00000000f2300000)
  from space 5120K, 0% used [0x00000000f2800000,0x00000000f2800000,0x00000000f2d00000)
  to   space 5120K, 0% used [0x00000000f2300000,0x00000000f2300000,0x00000000f2800000)
 ParOldGen       total 59904K, used 7023K [0x00000000c0000000, 0x00000000c3a80000, 0x00000000eab00000)
  object space 59904K, 11% used [0x00000000c0000000,0x00000000c06dbf48,0x00000000c3a80000)
 Metaspace       used 20883K, capacity 21164K, committed 21296K, reserved 1067008K
  class space    used 2790K, capacity 2901K, committed 2944K, reserved 1048576K
}

